[23:54:26] [main/INFO]: Writing debug log file accesstransform.log
[23:54:26] [main/INFO]: Access Transformer processor running version 8.2.0
[23:54:26] [main/INFO]: Command line arguments [--inJar, C:\Users\qinzihang\.gradle\caches\forge_gradle\minecraft_user_repo\net\minecraftforge\forge\1.19.3-44.1.0\forge-1.19.3-44.1.0-injected.jar, --outJar, C:\Users\qinzihang\.gradle\caches\forge_gradle\minecraft_user_repo\net\minecraftforge\forge\1.19.3-44.1.0_mapped_official_1.19.3\forge-1.19.3-44.1.0_mapped_official_1.19.3.jar, --logFile, accesstransform.log, --atFile, C:\Users\qinzihang\Desktop\No 32768 Limit\1.19.3\build\_atJar_6\parent_at.cfg]
[23:54:26] [main/INFO]: Reading from C:\Users\qinzihang\.gradle\caches\forge_gradle\minecraft_user_repo\net\minecraftforge\forge\1.19.3-44.1.0\forge-1.19.3-44.1.0-injected.jar
[23:54:26] [main/INFO]: Writing to C:\Users\qinzihang\.gradle\caches\forge_gradle\minecraft_user_repo\net\minecraftforge\forge\1.19.3-44.1.0_mapped_official_1.19.3\forge-1.19.3-44.1.0_mapped_official_1.19.3.jar
[23:54:26] [main/INFO]: Transformer file C:\Users\qinzihang\Desktop\No 32768 Limit\1.19.3\build\_atJar_6\parent_at.cfg
[23:54:26] [main/WARN]: Found existing output jar C:\Users\qinzihang\.gradle\caches\forge_gradle\minecraft_user_repo\net\minecraftforge\forge\1.19.3-44.1.0_mapped_official_1.19.3\forge-1.19.3-44.1.0_mapped_official_1.19.3.jar, overwriting
[23:54:26] [main/ERROR]: Deleting existing out JAR
java.nio.file.FileSystemException: C:\Users\qinzihang\.gradle\caches\forge_gradle\minecraft_user_repo\net\minecraftforge\forge\1.19.3-44.1.0_mapped_official_1.19.3\forge-1.19.3-44.1.0_mapped_official_1.19.3.jar: 另一个程序正在使用此文件，进程无法访问。
	at sun.nio.fs.WindowsException.translateToIOException(WindowsException.java:92) ~[?:?]
	at sun.nio.fs.WindowsException.rethrowAsIOException(WindowsException.java:103) ~[?:?]
	at sun.nio.fs.WindowsException.rethrowAsIOException(WindowsException.java:108) ~[?:?]
	at sun.nio.fs.WindowsFileSystemProvider.implDelete(WindowsFileSystemProvider.java:275) ~[?:?]
	at sun.nio.fs.AbstractFileSystemProvider.deleteIfExists(AbstractFileSystemProvider.java:110) ~[?:?]
	at java.nio.file.Files.deleteIfExists(Files.java:1191) ~[?:?]
	at net.minecraftforge.accesstransformer.TransformerProcessor.main(TransformerProcessor.java:81) ~[accesstransformers-8.2.0-fatjar.jar:8.2.0]
[23:54:26] [main/DEBUG]: Loading access transformer parent_at.cfg from path C:\Users\qinzihang\Desktop\No 32768 Limit\1.19.3\build\_atJar_6\parent_at.cfg
[23:54:26] [main/DEBUG]: Loaded access transformer parent_at.cfg from path C:\Users\qinzihang\Desktop\No 32768 Limit\1.19.3\build\_atJar_6\parent_at.cfg
[23:54:26] [main/DEBUG]: Loaded access transformer file C:\Users\qinzihang\Desktop\No 32768 Limit\1.19.3\build\_atJar_6\parent_at.cfg
[23:54:26] [main/ERROR]: Writing JAR
java.util.zip.ZipException: zip END header not found
	at jdk.nio.zipfs.ZipFileSystem.findEND(ZipFileSystem.java:1320) ~[jdk.zipfs:?]
	at jdk.nio.zipfs.ZipFileSystem.initCEN(ZipFileSystem.java:1534) ~[jdk.zipfs:?]
	at jdk.nio.zipfs.ZipFileSystem.<init>(ZipFileSystem.java:179) ~[jdk.zipfs:?]
	at jdk.nio.zipfs.ZipFileSystemProvider.getZipFileSystem(ZipFileSystemProvider.java:125) ~[jdk.zipfs:?]
	at jdk.nio.zipfs.ZipFileSystemProvider.newFileSystem(ZipFileSystemProvider.java:106) ~[jdk.zipfs:?]
	at java.nio.file.FileSystems.newFileSystem(FileSystems.java:339) ~[?:?]
	at java.nio.file.FileSystems.newFileSystem(FileSystems.java:288) ~[?:?]
	at net.minecraftforge.accesstransformer.TransformerProcessor.processJar(TransformerProcessor.java:102) ~[accesstransformers-8.2.0-fatjar.jar:8.2.0]
	at net.minecraftforge.accesstransformer.TransformerProcessor.main(TransformerProcessor.java:85) ~[accesstransformers-8.2.0-fatjar.jar:8.2.0]
[23:54:26] [main/INFO]: JAR transformation complete C:\Users\qinzihang\.gradle\caches\forge_gradle\minecraft_user_repo\net\minecraftforge\forge\1.19.3-44.1.0_mapped_official_1.19.3\forge-1.19.3-44.1.0_mapped_official_1.19.3.jar
